<?xml version="1.0" encoding="UTF-8"?>
<testsuite xmlns:xsi="http://www.w3.org/2001/XMLSchema-instance" xsi:noNamespaceSchemaLocation="https://maven.apache.org/surefire/maven-surefire-plugin/xsd/surefire-test-report.xsd" name="TestRunner" time="74.653" tests="1" errors="0" skipped="0" failures="0">
  <properties>
    <property name="sun.desktop" value="windows"/>
    <property name="awt.toolkit" value="sun.awt.windows.WToolkit"/>
    <property name="file.encoding.pkg" value="sun.io"/>
    <property name="java.specification.version" value="1.8"/>
    <property name="sun.cpu.isalist" value="amd64"/>
    <property name="sun.jnu.encoding" value="Cp1252"/>
    <property name="java.class.path" value="D:\GITREPOS\WORKWITHPRASHANT\poc-karate-debug\target\test-classes;D:\GITREPOS\WORKWITHPRASHANT\poc-karate-debug\target\classes;C:\Users\ppatil\.m2\repository\com\intuit\karate\karate-core\1.2.0.RC4\karate-core-1.2.0.RC4.jar;C:\Users\ppatil\.m2\repository\org\graalvm\js\js-scriptengine\21.2.0\js-scriptengine-21.2.0.jar;C:\Users\ppatil\.m2\repository\org\graalvm\sdk\graal-sdk\21.2.0\graal-sdk-21.2.0.jar;C:\Users\ppatil\.m2\repository\org\graalvm\js\js\21.2.0\js-21.2.0.jar;C:\Users\ppatil\.m2\repository\org\graalvm\regex\regex\21.2.0\regex-21.2.0.jar;C:\Users\ppatil\.m2\repository\org\graalvm\truffle\truffle-api\21.2.0\truffle-api-21.2.0.jar;C:\Users\ppatil\.m2\repository\com\ibm\icu\icu4j\69.1\icu4j-69.1.jar;C:\Users\ppatil\.m2\repository\ch\qos\logback\logback-classic\1.2.9\logback-classic-1.2.9.jar;C:\Users\ppatil\.m2\repository\ch\qos\logback\logback-core\1.2.9\logback-core-1.2.9.jar;C:\Users\ppatil\.m2\repository\org\slf4j\slf4j-api\1.7.32\slf4j-api-1.7.32.jar;C:\Users\ppatil\.m2\repository\org\slf4j\jcl-over-slf4j\1.7.32\jcl-over-slf4j-1.7.32.jar;C:\Users\ppatil\.m2\repository\com\jayway\jsonpath\json-path\2.6.0\json-path-2.6.0.jar;C:\Users\ppatil\.m2\repository\net\minidev\json-smart\2.4.7\json-smart-2.4.7.jar;C:\Users\ppatil\.m2\repository\net\minidev\accessors-smart\2.4.7\accessors-smart-2.4.7.jar;C:\Users\ppatil\.m2\repository\org\ow2\asm\asm\9.1\asm-9.1.jar;C:\Users\ppatil\.m2\repository\info\cukes\cucumber-java\1.2.5\cucumber-java-1.2.5.jar;C:\Users\ppatil\.m2\repository\info\cukes\cucumber-core\1.2.5\cucumber-core-1.2.5.jar;C:\Users\ppatil\.m2\repository\org\yaml\snakeyaml\1.29\snakeyaml-1.29.jar;C:\Users\ppatil\.m2\repository\de\siegmar\fastcsv\2.0.0\fastcsv-2.0.0.jar;C:\Users\ppatil\.m2\repository\info\picocli\picocli\4.6.1\picocli-4.6.1.jar;C:\Users\ppatil\.m2\repository\com\intuit\karate\karate-gatling\1.2.0.RC4\karate-gatling-1.2.0.RC4.jar;C:\Users\ppatil\.m2\repository\io\gatling\highcharts\gatling-charts-highcharts\3.6.0\gatling-charts-highcharts-3.6.0.jar;C:\Users\ppatil\.m2\repository\org\scala-lang\scala-library\2.13.6\scala-library-2.13.6.jar;C:\Users\ppatil\.m2\repository\io\gatling\gatling-app\3.6.0\gatling-app-3.6.0.jar;C:\Users\ppatil\.m2\repository\io\gatling\gatling-core\3.6.0\gatling-core-3.6.0.jar;C:\Users\ppatil\.m2\repository\io\gatling\gatling-commons\3.6.0\gatling-commons-3.6.0.jar;C:\Users\ppatil\.m2\repository\io\gatling\gatling-commons-shared\3.6.0\gatling-commons-shared-3.6.0.jar;C:\Users\ppatil\.m2\repository\org\scala-lang\scala-reflect\2.13.6\scala-reflect-2.13.6.jar;C:\Users\ppatil\.m2\repository\io\suzaku\boopickle_2.13\1.3.3\boopickle_2.13-1.3.3.jar;C:\Users\ppatil\.m2\repository\io\gatling\gatling-commons-shared-unstable\3.6.0\gatling-commons-shared-unstable-3.6.0.jar;C:\Users\ppatil\.m2\repository\org\typelevel\spire-macros_2.13\0.17.0\spire-macros_2.13-0.17.0.jar;C:\Users\ppatil\.m2\repository\com\typesafe\scala-logging\scala-logging_2.13\3.9.3\scala-logging_2.13-3.9.3.jar;C:\Users\ppatil\.m2\repository\io\gatling\gatling-jsonpath\3.6.0\gatling-jsonpath-3.6.0.jar;C:\Users\ppatil\.m2\repository\com\typesafe\akka\akka-slf4j_2.13\2.6.14\akka-slf4j_2.13-2.6.14.jar;C:\Users\ppatil\.m2\repository\org\simpleflatmapper\lightning-csv\8.2.3\lightning-csv-8.2.3.jar;C:\Users\ppatil\.m2\repository\org\simpleflatmapper\sfm-util\8.2.3\sfm-util-8.2.3.jar;C:\Users\ppatil\.m2\repository\com\github\ben-manes\caffeine\caffeine\2.9.1\caffeine-2.9.1.jar;C:\Users\ppatil\.m2\repository\org\checkerframework\checker-qual\3.10.0\checker-qual-3.10.0.jar;C:\Users\ppatil\.m2\repository\com\google\errorprone\error_prone_annotations\2.5.1\error_prone_annotations-2.5.1.jar;C:\Users\ppatil\.m2\repository\io\pebbletemplates\pebble\3.1.5\pebble-3.1.5.jar;C:\Users\ppatil\.m2\repository\org\unbescape\unbescape\1.1.6.RELEASE\unbescape-1.1.6.RELEASE.jar;C:\Users\ppatil\.m2\repository\org\scala-lang\modules\scala-parser-combinators_2.13\2.0.0\scala-parser-combinators_2.13-2.0.0.jar;C:\Users\ppatil\.m2\repository\com\github\scopt\scopt_2.13\3.7.1\scopt_2.13-3.7.1.jar;C:\Users\ppatil\.m2\repository\io\netty\netty-handler\4.1.64.Final\netty-handler-4.1.64.Final.jar;C:\Users\ppatil\.m2\repository\io\netty\netty-common\4.1.64.Final\netty-common-4.1.64.Final.jar;C:\Users\ppatil\.m2\repository\io\netty\netty-resolver\4.1.64.Final\netty-resolver-4.1.64.Final.jar;C:\Users\ppatil\.m2\repository\io\netty\netty-buffer\4.1.64.Final\netty-buffer-4.1.64.Final.jar;C:\Users\ppatil\.m2\repository\io\netty\netty-transport\4.1.64.Final\netty-transport-4.1.64.Final.jar;C:\Users\ppatil\.m2\repository\io\netty\netty-codec\4.1.64.Final\netty-codec-4.1.64.Final.jar;C:\Users\ppatil\.m2\repository\com\softwaremill\quicklens\quicklens_2.13\1.7.2\quicklens_2.13-1.7.2.jar;C:\Users\ppatil\.m2\repository\net\sf\saxon\Saxon-HE\10.5\Saxon-HE-10.5.jar;C:\Users\ppatil\.m2\repository\org\jodd\jodd-lagarto\6.0.5\jodd-lagarto-6.0.5.jar;C:\Users\ppatil\.m2\repository\org\jodd\jodd-util\6.0.1\jodd-util-6.0.1.jar;C:\Users\ppatil\.m2\repository\io\burt\jmespath-jackson\0.5.0\jmespath-jackson-0.5.0.jar;C:\Users\ppatil\.m2\repository\io\burt\jmespath-core\0.5.0\jmespath-core-0.5.0.jar;C:\Users\ppatil\.m2\repository\io\gatling\gatling-http\3.6.0\gatling-http-3.6.0.jar;C:\Users\ppatil\.m2\repository\io\gatling\gatling-http-client\3.6.0\gatling-http-client-3.6.0.jar;C:\Users\ppatil\.m2\repository\io\gatling\gatling-netty-util\3.6.0\gatling-netty-util-3.6.0.jar;C:\Users\ppatil\.m2\repository\io\netty\netty-handler-proxy\4.1.64.Final\netty-handler-proxy-4.1.64.Final.jar;C:\Users\ppatil\.m2\repository\io\netty\netty-codec-socks\4.1.64.Final\netty-codec-socks-4.1.64.Final.jar;C:\Users\ppatil\.m2\repository\io\netty\netty-resolver-dns\4.1.64.Final\netty-resolver-dns-4.1.64.Final.jar;C:\Users\ppatil\.m2\repository\io\netty\netty-codec-dns\4.1.64.Final\netty-codec-dns-4.1.64.Final.jar;C:\Users\ppatil\.m2\repository\io\netty\netty-transport-native-epoll\4.1.64.Final\netty-transport-native-epoll-4.1.64.Final-linux-x86_64.jar;C:\Users\ppatil\.m2\repository\io\netty\netty-transport-native-unix-common\4.1.64.Final\netty-transport-native-unix-common-4.1.64.Final.jar;C:\Users\ppatil\.m2\repository\io\netty\netty-codec-http2\4.1.64.Final\netty-codec-http2-4.1.64.Final.jar;C:\Users\ppatil\.m2\repository\io\netty\netty-tcnative-boringssl-static\2.0.39.Final\netty-tcnative-boringssl-static-2.0.39.Final.jar;C:\Users\ppatil\.m2\repository\com\aayushatharva\brotli4j\brotli4j\1.4.2\brotli4j-1.4.2.jar;C:\Users\ppatil\.m2\repository\com\aayushatharva\brotli4j\native-linux-x86_64\1.4.2\native-linux-x86_64-1.4.2.jar;C:\Users\ppatil\.m2\repository\com\aayushatharva\brotli4j\native-linux-aarch64\1.4.2\native-linux-aarch64-1.4.2.jar;C:\Users\ppatil\.m2\repository\com\aayushatharva\brotli4j\native-osx-x86_64\1.4.2\native-osx-x86_64-1.4.2.jar;C:\Users\ppatil\.m2\repository\com\aayushatharva\brotli4j\native-windows-x86_64\1.4.2\native-windows-x86_64-1.4.2.jar;C:\Users\ppatil\.m2\repository\io\gatling\gatling-jms\3.6.0\gatling-jms-3.6.0.jar;C:\Users\ppatil\.m2\repository\javax\jms\javax.jms-api\2.0.1\javax.jms-api-2.0.1.jar;C:\Users\ppatil\.m2\repository\com\eatthepath\fast-uuid\0.1\fast-uuid-0.1.jar;C:\Users\ppatil\.m2\repository\io\gatling\gatling-jdbc\3.6.0\gatling-jdbc-3.6.0.jar;C:\Users\ppatil\.m2\repository\io\gatling\gatling-redis\3.6.0\gatling-redis-3.6.0.jar;C:\Users\ppatil\.m2\repository\net\debasishg\redisclient_2.13\3.30\redisclient_2.13-3.30.jar;C:\Users\ppatil\.m2\repository\org\apache\commons\commons-pool2\2.8.0\commons-pool2-2.8.0.jar;C:\Users\ppatil\.m2\repository\io\gatling\gatling-graphite\3.6.0\gatling-graphite-3.6.0.jar;C:\Users\ppatil\.m2\repository\org\hdrhistogram\HdrHistogram\2.1.12\HdrHistogram-2.1.12.jar;C:\Users\ppatil\.m2\repository\io\gatling\gatling-charts\3.6.0\gatling-charts-3.6.0.jar;C:\Users\ppatil\.m2\repository\com\tdunning\t-digest\3.1\t-digest-3.1.jar;C:\Users\ppatil\.m2\repository\io\gatling\gatling-recorder\3.6.0\gatling-recorder-3.6.0.jar;C:\Users\ppatil\.m2\repository\org\scala-lang\modules\scala-swing_2.13\3.0.0\scala-swing_2.13-3.0.0.jar;C:\Users\ppatil\.m2\repository\com\fasterxml\jackson\core\jackson-databind\2.12.3\jackson-databind-2.12.3.jar;C:\Users\ppatil\.m2\repository\com\fasterxml\jackson\core\jackson-annotations\2.12.3\jackson-annotations-2.12.3.jar;C:\Users\ppatil\.m2\repository\com\fasterxml\jackson\core\jackson-core\2.12.3\jackson-core-2.12.3.jar;C:\Users\ppatil\.m2\repository\org\bouncycastle\bcpkix-jdk15on\1.68\bcpkix-jdk15on-1.68.jar;C:\Users\ppatil\.m2\repository\org\bouncycastle\bcprov-jdk15on\1.68\bcprov-jdk15on-1.68.jar;C:\Users\ppatil\.m2\repository\com\typesafe\akka\akka-actor_2.13\2.6.14\akka-actor_2.13-2.6.14.jar;C:\Users\ppatil\.m2\repository\com\typesafe\config\1.4.0\config-1.4.0.jar;C:\Users\ppatil\.m2\repository\org\scala-lang\modules\scala-java8-compat_2.13\0.9.0\scala-java8-compat_2.13-0.9.0.jar;C:\Users\ppatil\.m2\repository\org\junit\jupiter\junit-jupiter-api\5.7.2\junit-jupiter-api-5.7.2.jar;C:\Users\ppatil\.m2\repository\org\apiguardian\apiguardian-api\1.1.0\apiguardian-api-1.1.0.jar;C:\Users\ppatil\.m2\repository\org\opentest4j\opentest4j\1.2.0\opentest4j-1.2.0.jar;C:\Users\ppatil\.m2\repository\org\junit\platform\junit-platform-commons\1.7.2\junit-platform-commons-1.7.2.jar;"/>
    <property name="java.vm.vendor" value="Red Hat, Inc."/>
    <property name="sun.arch.data.model" value="64"/>
    <property name="user.variant" value=""/>
    <property name="java.vendor.url" value="https://developers.redhat.com/"/>
    <property name="user.timezone" value="America/Chicago"/>
    <property name="java.vm.specification.version" value="1.8"/>
    <property name="os.name" value="Windows 10"/>
    <property name="user.country" value="US"/>
    <property name="sun.java.launcher" value="SUN_STANDARD"/>
    <property name="sun.boot.library.path" value="C:\Program Files\RedHat\java-1.8.0-openjdk-1.8.0.282-1\jre\bin"/>
    <property name="sun.java.command" value="C:\Users\ppatil\AppData\Local\Temp\surefire8453141232414674520\surefirebooter175819466371432096.jar C:\Users\ppatil\AppData\Local\Temp\surefire8453141232414674520 2022-03-08T11-29-37_588-jvmRun1 surefire4932389606892347861tmp surefire_08107282877315811651tmp"/>
    <property name="surefire.test.class.path" value="D:\GITREPOS\WORKWITHPRASHANT\poc-karate-debug\target\test-classes;D:\GITREPOS\WORKWITHPRASHANT\poc-karate-debug\target\classes;C:\Users\ppatil\.m2\repository\com\intuit\karate\karate-core\1.2.0.RC4\karate-core-1.2.0.RC4.jar;C:\Users\ppatil\.m2\repository\org\graalvm\js\js-scriptengine\21.2.0\js-scriptengine-21.2.0.jar;C:\Users\ppatil\.m2\repository\org\graalvm\sdk\graal-sdk\21.2.0\graal-sdk-21.2.0.jar;C:\Users\ppatil\.m2\repository\org\graalvm\js\js\21.2.0\js-21.2.0.jar;C:\Users\ppatil\.m2\repository\org\graalvm\regex\regex\21.2.0\regex-21.2.0.jar;C:\Users\ppatil\.m2\repository\org\graalvm\truffle\truffle-api\21.2.0\truffle-api-21.2.0.jar;C:\Users\ppatil\.m2\repository\com\ibm\icu\icu4j\69.1\icu4j-69.1.jar;C:\Users\ppatil\.m2\repository\ch\qos\logback\logback-classic\1.2.9\logback-classic-1.2.9.jar;C:\Users\ppatil\.m2\repository\ch\qos\logback\logback-core\1.2.9\logback-core-1.2.9.jar;C:\Users\ppatil\.m2\repository\org\slf4j\slf4j-api\1.7.32\slf4j-api-1.7.32.jar;C:\Users\ppatil\.m2\repository\org\slf4j\jcl-over-slf4j\1.7.32\jcl-over-slf4j-1.7.32.jar;C:\Users\ppatil\.m2\repository\com\jayway\jsonpath\json-path\2.6.0\json-path-2.6.0.jar;C:\Users\ppatil\.m2\repository\net\minidev\json-smart\2.4.7\json-smart-2.4.7.jar;C:\Users\ppatil\.m2\repository\net\minidev\accessors-smart\2.4.7\accessors-smart-2.4.7.jar;C:\Users\ppatil\.m2\repository\org\ow2\asm\asm\9.1\asm-9.1.jar;C:\Users\ppatil\.m2\repository\info\cukes\cucumber-java\1.2.5\cucumber-java-1.2.5.jar;C:\Users\ppatil\.m2\repository\info\cukes\cucumber-core\1.2.5\cucumber-core-1.2.5.jar;C:\Users\ppatil\.m2\repository\org\yaml\snakeyaml\1.29\snakeyaml-1.29.jar;C:\Users\ppatil\.m2\repository\de\siegmar\fastcsv\2.0.0\fastcsv-2.0.0.jar;C:\Users\ppatil\.m2\repository\info\picocli\picocli\4.6.1\picocli-4.6.1.jar;C:\Users\ppatil\.m2\repository\com\intuit\karate\karate-gatling\1.2.0.RC4\karate-gatling-1.2.0.RC4.jar;C:\Users\ppatil\.m2\repository\io\gatling\highcharts\gatling-charts-highcharts\3.6.0\gatling-charts-highcharts-3.6.0.jar;C:\Users\ppatil\.m2\repository\org\scala-lang\scala-library\2.13.6\scala-library-2.13.6.jar;C:\Users\ppatil\.m2\repository\io\gatling\gatling-app\3.6.0\gatling-app-3.6.0.jar;C:\Users\ppatil\.m2\repository\io\gatling\gatling-core\3.6.0\gatling-core-3.6.0.jar;C:\Users\ppatil\.m2\repository\io\gatling\gatling-commons\3.6.0\gatling-commons-3.6.0.jar;C:\Users\ppatil\.m2\repository\io\gatling\gatling-commons-shared\3.6.0\gatling-commons-shared-3.6.0.jar;C:\Users\ppatil\.m2\repository\org\scala-lang\scala-reflect\2.13.6\scala-reflect-2.13.6.jar;C:\Users\ppatil\.m2\repository\io\suzaku\boopickle_2.13\1.3.3\boopickle_2.13-1.3.3.jar;C:\Users\ppatil\.m2\repository\io\gatling\gatling-commons-shared-unstable\3.6.0\gatling-commons-shared-unstable-3.6.0.jar;C:\Users\ppatil\.m2\repository\org\typelevel\spire-macros_2.13\0.17.0\spire-macros_2.13-0.17.0.jar;C:\Users\ppatil\.m2\repository\com\typesafe\scala-logging\scala-logging_2.13\3.9.3\scala-logging_2.13-3.9.3.jar;C:\Users\ppatil\.m2\repository\io\gatling\gatling-jsonpath\3.6.0\gatling-jsonpath-3.6.0.jar;C:\Users\ppatil\.m2\repository\com\typesafe\akka\akka-slf4j_2.13\2.6.14\akka-slf4j_2.13-2.6.14.jar;C:\Users\ppatil\.m2\repository\org\simpleflatmapper\lightning-csv\8.2.3\lightning-csv-8.2.3.jar;C:\Users\ppatil\.m2\repository\org\simpleflatmapper\sfm-util\8.2.3\sfm-util-8.2.3.jar;C:\Users\ppatil\.m2\repository\com\github\ben-manes\caffeine\caffeine\2.9.1\caffeine-2.9.1.jar;C:\Users\ppatil\.m2\repository\org\checkerframework\checker-qual\3.10.0\checker-qual-3.10.0.jar;C:\Users\ppatil\.m2\repository\com\google\errorprone\error_prone_annotations\2.5.1\error_prone_annotations-2.5.1.jar;C:\Users\ppatil\.m2\repository\io\pebbletemplates\pebble\3.1.5\pebble-3.1.5.jar;C:\Users\ppatil\.m2\repository\org\unbescape\unbescape\1.1.6.RELEASE\unbescape-1.1.6.RELEASE.jar;C:\Users\ppatil\.m2\repository\org\scala-lang\modules\scala-parser-combinators_2.13\2.0.0\scala-parser-combinators_2.13-2.0.0.jar;C:\Users\ppatil\.m2\repository\com\github\scopt\scopt_2.13\3.7.1\scopt_2.13-3.7.1.jar;C:\Users\ppatil\.m2\repository\io\netty\netty-handler\4.1.64.Final\netty-handler-4.1.64.Final.jar;C:\Users\ppatil\.m2\repository\io\netty\netty-common\4.1.64.Final\netty-common-4.1.64.Final.jar;C:\Users\ppatil\.m2\repository\io\netty\netty-resolver\4.1.64.Final\netty-resolver-4.1.64.Final.jar;C:\Users\ppatil\.m2\repository\io\netty\netty-buffer\4.1.64.Final\netty-buffer-4.1.64.Final.jar;C:\Users\ppatil\.m2\repository\io\netty\netty-transport\4.1.64.Final\netty-transport-4.1.64.Final.jar;C:\Users\ppatil\.m2\repository\io\netty\netty-codec\4.1.64.Final\netty-codec-4.1.64.Final.jar;C:\Users\ppatil\.m2\repository\com\softwaremill\quicklens\quicklens_2.13\1.7.2\quicklens_2.13-1.7.2.jar;C:\Users\ppatil\.m2\repository\net\sf\saxon\Saxon-HE\10.5\Saxon-HE-10.5.jar;C:\Users\ppatil\.m2\repository\org\jodd\jodd-lagarto\6.0.5\jodd-lagarto-6.0.5.jar;C:\Users\ppatil\.m2\repository\org\jodd\jodd-util\6.0.1\jodd-util-6.0.1.jar;C:\Users\ppatil\.m2\repository\io\burt\jmespath-jackson\0.5.0\jmespath-jackson-0.5.0.jar;C:\Users\ppatil\.m2\repository\io\burt\jmespath-core\0.5.0\jmespath-core-0.5.0.jar;C:\Users\ppatil\.m2\repository\io\gatling\gatling-http\3.6.0\gatling-http-3.6.0.jar;C:\Users\ppatil\.m2\repository\io\gatling\gatling-http-client\3.6.0\gatling-http-client-3.6.0.jar;C:\Users\ppatil\.m2\repository\io\gatling\gatling-netty-util\3.6.0\gatling-netty-util-3.6.0.jar;C:\Users\ppatil\.m2\repository\io\netty\netty-handler-proxy\4.1.64.Final\netty-handler-proxy-4.1.64.Final.jar;C:\Users\ppatil\.m2\repository\io\netty\netty-codec-socks\4.1.64.Final\netty-codec-socks-4.1.64.Final.jar;C:\Users\ppatil\.m2\repository\io\netty\netty-resolver-dns\4.1.64.Final\netty-resolver-dns-4.1.64.Final.jar;C:\Users\ppatil\.m2\repository\io\netty\netty-codec-dns\4.1.64.Final\netty-codec-dns-4.1.64.Final.jar;C:\Users\ppatil\.m2\repository\io\netty\netty-transport-native-epoll\4.1.64.Final\netty-transport-native-epoll-4.1.64.Final-linux-x86_64.jar;C:\Users\ppatil\.m2\repository\io\netty\netty-transport-native-unix-common\4.1.64.Final\netty-transport-native-unix-common-4.1.64.Final.jar;C:\Users\ppatil\.m2\repository\io\netty\netty-codec-http2\4.1.64.Final\netty-codec-http2-4.1.64.Final.jar;C:\Users\ppatil\.m2\repository\io\netty\netty-tcnative-boringssl-static\2.0.39.Final\netty-tcnative-boringssl-static-2.0.39.Final.jar;C:\Users\ppatil\.m2\repository\com\aayushatharva\brotli4j\brotli4j\1.4.2\brotli4j-1.4.2.jar;C:\Users\ppatil\.m2\repository\com\aayushatharva\brotli4j\native-linux-x86_64\1.4.2\native-linux-x86_64-1.4.2.jar;C:\Users\ppatil\.m2\repository\com\aayushatharva\brotli4j\native-linux-aarch64\1.4.2\native-linux-aarch64-1.4.2.jar;C:\Users\ppatil\.m2\repository\com\aayushatharva\brotli4j\native-osx-x86_64\1.4.2\native-osx-x86_64-1.4.2.jar;C:\Users\ppatil\.m2\repository\com\aayushatharva\brotli4j\native-windows-x86_64\1.4.2\native-windows-x86_64-1.4.2.jar;C:\Users\ppatil\.m2\repository\io\gatling\gatling-jms\3.6.0\gatling-jms-3.6.0.jar;C:\Users\ppatil\.m2\repository\javax\jms\javax.jms-api\2.0.1\javax.jms-api-2.0.1.jar;C:\Users\ppatil\.m2\repository\com\eatthepath\fast-uuid\0.1\fast-uuid-0.1.jar;C:\Users\ppatil\.m2\repository\io\gatling\gatling-jdbc\3.6.0\gatling-jdbc-3.6.0.jar;C:\Users\ppatil\.m2\repository\io\gatling\gatling-redis\3.6.0\gatling-redis-3.6.0.jar;C:\Users\ppatil\.m2\repository\net\debasishg\redisclient_2.13\3.30\redisclient_2.13-3.30.jar;C:\Users\ppatil\.m2\repository\org\apache\commons\commons-pool2\2.8.0\commons-pool2-2.8.0.jar;C:\Users\ppatil\.m2\repository\io\gatling\gatling-graphite\3.6.0\gatling-graphite-3.6.0.jar;C:\Users\ppatil\.m2\repository\org\hdrhistogram\HdrHistogram\2.1.12\HdrHistogram-2.1.12.jar;C:\Users\ppatil\.m2\repository\io\gatling\gatling-charts\3.6.0\gatling-charts-3.6.0.jar;C:\Users\ppatil\.m2\repository\com\tdunning\t-digest\3.1\t-digest-3.1.jar;C:\Users\ppatil\.m2\repository\io\gatling\gatling-recorder\3.6.0\gatling-recorder-3.6.0.jar;C:\Users\ppatil\.m2\repository\org\scala-lang\modules\scala-swing_2.13\3.0.0\scala-swing_2.13-3.0.0.jar;C:\Users\ppatil\.m2\repository\com\fasterxml\jackson\core\jackson-databind\2.12.3\jackson-databind-2.12.3.jar;C:\Users\ppatil\.m2\repository\com\fasterxml\jackson\core\jackson-annotations\2.12.3\jackson-annotations-2.12.3.jar;C:\Users\ppatil\.m2\repository\com\fasterxml\jackson\core\jackson-core\2.12.3\jackson-core-2.12.3.jar;C:\Users\ppatil\.m2\repository\org\bouncycastle\bcpkix-jdk15on\1.68\bcpkix-jdk15on-1.68.jar;C:\Users\ppatil\.m2\repository\org\bouncycastle\bcprov-jdk15on\1.68\bcprov-jdk15on-1.68.jar;C:\Users\ppatil\.m2\repository\com\typesafe\akka\akka-actor_2.13\2.6.14\akka-actor_2.13-2.6.14.jar;C:\Users\ppatil\.m2\repository\com\typesafe\config\1.4.0\config-1.4.0.jar;C:\Users\ppatil\.m2\repository\org\scala-lang\modules\scala-java8-compat_2.13\0.9.0\scala-java8-compat_2.13-0.9.0.jar;C:\Users\ppatil\.m2\repository\org\junit\jupiter\junit-jupiter-api\5.7.2\junit-jupiter-api-5.7.2.jar;C:\Users\ppatil\.m2\repository\org\apiguardian\apiguardian-api\1.1.0\apiguardian-api-1.1.0.jar;C:\Users\ppatil\.m2\repository\org\opentest4j\opentest4j\1.2.0\opentest4j-1.2.0.jar;C:\Users\ppatil\.m2\repository\org\junit\platform\junit-platform-commons\1.7.2\junit-platform-commons-1.7.2.jar;"/>
    <property name="sun.cpu.endian" value="little"/>
    <property name="user.home" value="C:\Users\ppatil"/>
    <property name="user.language" value="en"/>
    <property name="java.specification.vendor" value="Oracle Corporation"/>
    <property name="java.home" value="C:\Program Files\RedHat\java-1.8.0-openjdk-1.8.0.282-1\jre"/>
    <property name="basedir" value="D:\GITREPOS\WORKWITHPRASHANT\poc-karate-debug"/>
    <property name="file.separator" value="\"/>
    <property name="line.separator" value="&#10;"/>
    <property name="java.vm.specification.vendor" value="Oracle Corporation"/>
    <property name="java.specification.name" value="Java Platform API Specification"/>
    <property name="java.awt.graphicsenv" value="sun.awt.Win32GraphicsEnvironment"/>
    <property name="surefire.real.class.path" value="C:\Users\ppatil\AppData\Local\Temp\surefire8453141232414674520\surefirebooter175819466371432096.jar"/>
    <property name="sun.boot.class.path" value="C:\Program Files\RedHat\java-1.8.0-openjdk-1.8.0.282-1\jre\lib\resources.jar;C:\Program Files\RedHat\java-1.8.0-openjdk-1.8.0.282-1\jre\lib\rt.jar;C:\Program Files\RedHat\java-1.8.0-openjdk-1.8.0.282-1\jre\lib\sunrsasign.jar;C:\Program Files\RedHat\java-1.8.0-openjdk-1.8.0.282-1\jre\lib\jsse.jar;C:\Program Files\RedHat\java-1.8.0-openjdk-1.8.0.282-1\jre\lib\jce.jar;C:\Program Files\RedHat\java-1.8.0-openjdk-1.8.0.282-1\jre\lib\charsets.jar;C:\Program Files\RedHat\java-1.8.0-openjdk-1.8.0.282-1\jre\lib\jfr.jar;C:\Program Files\RedHat\java-1.8.0-openjdk-1.8.0.282-1\jre\classes"/>
    <property name="user.script" value=""/>
    <property name="sun.management.compiler" value="HotSpot 64-Bit Tiered Compilers"/>
    <property name="java.runtime.version" value="1.8.0_282-b08"/>
    <property name="user.name" value="ppatil"/>
    <property name="path.separator" value=";"/>
    <property name="os.version" value="10.0"/>
    <property name="java.endorsed.dirs" value="C:\Program Files\RedHat\java-1.8.0-openjdk-1.8.0.282-1\jre\lib\endorsed"/>
    <property name="java.runtime.name" value="OpenJDK Runtime Environment"/>
    <property name="file.encoding" value="Cp1252"/>
    <property name="java.vm.name" value="OpenJDK 64-Bit Server VM"/>
    <property name="localRepository" value="C:\Users\ppatil\.m2\repository"/>
    <property name="java.vendor.url.bug" value="https://bugzilla.redhat.com/enter_bug.cgi"/>
    <property name="java.io.tmpdir" value="C:\Users\ppatil\AppData\Local\Temp\"/>
    <property name="idea.version" value="2021.2"/>
    <property name="java.version" value="1.8.0_282"/>
    <property name="user.dir" value="D:\GITREPOS\WORKWITHPRASHANT\poc-karate-debug"/>
    <property name="os.arch" value="amd64"/>
    <property name="java.vm.specification.name" value="Java Virtual Machine Specification"/>
    <property name="java.awt.printerjob" value="sun.awt.windows.WPrinterJob"/>
    <property name="sun.os.patch.level" value=""/>
    <property name="java.library.path" value="C:\Program Files\RedHat\java-1.8.0-openjdk-1.8.0.282-1\jre\bin;C:\WINDOWS\Sun\Java\bin;C:\WINDOWS\system32;C:\WINDOWS;C:\!ENV\jdk-17.0.1\bin;C:\apache-maven\bin;C:\gradle\bin;C:\WINDOWS\system32;C:\WINDOWS;C:\WINDOWS\System32\Wbem;C:\WINDOWS\System32\WindowsPowerShell\v1.0\;C:\Program Files\Microsoft SQL Server\120\Tools\Binn\;C:\Program Files\Microsoft SQL Server\130\Tools\Binn\;C:\Program Files\TortoiseGit\bin;C:\WINDOWS\SysWOW64\WindowsPowerShell\v1.0\Modules\TShell\TShell\;C:\Program Files (x86)\Windows Kits\10\Windows Performance Toolkit\;C:\WINDOWS\System32\OpenSSH\;C:\Program Files (x86)\Intel\Intel(R) Management Engine Components\DAL;C:\Program Files\Intel\Intel(R) Management Engine Components\DAL;C:\Program Files (x86)\NVIDIA Corporation\PhysX\Common;C:\ProgramData\chocolatey\bin;C:\WINDOWS\system32;C:\WINDOWS;C:\WINDOWS\System32\Wbem;C:\WINDOWS\System32\WindowsPowerShell\v1.0\;C:\WINDOWS\System32\OpenSSH\;C:\Program Files\RedHat\java-1.8.0-openjdk-1.8.0.282-1\bin;C:\Program Files\RedHat\java-1.8.0-openjdk-1.8.0.282-1\jre\bin;C:\Program Files\RedHat\java-15-openjdk-jre-15.0.2-1\bin;C:\Program Files\Git\cmd;C:\Program Files\RedHat\java-14-openjdk-14.0.2-1\bin;C:\Program Files (x86)\GnuWin32\bin;C:\Program Files\SourceGear\Common\DiffMerge\;C:\Program Files\nodejs\;C:\Program Files\PowerShell\7\;C:\Program Files\Docker\Docker\resources\bin;C:\ProgramData\DockerDesktop\version-bin;C:\Users\ppatil\AppData\Local\Microsoft\WindowsApps;;C:\Users\ppatil\AppData\Local\Programs\Microsoft VS Code\bin;C:\Users\ppatil\AppData\Roaming\npm;C:\Users\ppatil\AppData\Local\Pandoc\;."/>
    <property name="java.vm.info" value="mixed mode"/>
    <property name="java.vendor" value="Red Hat, Inc."/>
    <property name="java.vm.version" value="25.282-b08"/>
    <property name="java.ext.dirs" value="C:\Program Files\RedHat\java-1.8.0-openjdk-1.8.0.282-1\jre\lib\ext;C:\WINDOWS\Sun\Java\lib\ext"/>
    <property name="sun.io.unicode.encoding" value="UnicodeLittle"/>
    <property name="java.class.version" value="52.0"/>
  </properties>
  <testcase name="TestRunner.testParallel" classname="TestRunner" time="74.648"/>
</testsuite>